<?xml version="1.0" encoding="UTF-8"?>
<!-- Generated by org.testng.reporters.JUnitXMLReporter -->
<testsuite ignored="0" hostname="LAPTOP-2AS3KFB2" failures="0" tests="7" name="Test" time="334.687" errors="0" timestamp="2024-07-20T10:46:12 IST">
  <testcase classname="Task1.shoo3" name="mochi" time="32.029"/>
  <testcase classname="Task1.shoo4" name="myntra" time="67.975"/>
  <testcase classname="Task1.shees1" name="flipkart" time="54.971"/>
  <testcase classname="Task1.shoo2" name="amazon" time="145.438"/>
  <testcase classname="Task2.Compus" name="royalEnfies" time="15.741"/>
  <testcase classname="Task2.Bike" name="Bik1" time="8.797"/>
  <testcase classname="Task1.Shoo5" name="FlipKart" time="9.416"/>
</testsuite> <!-- Test -->
