<?xml version="1.0" encoding="UTF-8"?>
<testng-results ignored="0" total="3" passed="1" failed="1" skipped="1">
  <reporter-output>
    <line>
      <![CDATA[rcb is executed]]>
    </line>
    <line>
      <![CDATA[dominos is executed]]>
    </line>
    <line>
      <![CDATA[my stomach is hungry]]>
    </line>
  </reporter-output>
  <suite started-at="2024-07-30T11:58:07 IST" name="Default suite" finished-at="2024-07-30T11:58:23 IST" duration-ms="15740">
    <groups>
    </groups>
    <test started-at="2024-07-30T11:58:07 IST" name="Default test" finished-at="2024-07-30T11:58:23 IST" duration-ms="15740">
      <class name="extendReport.ExecuteWithlistener">
        <test-method signature="rcb()[pri:0, instance:extendReport.ExecuteWithlistener@f09733f]" started-at="2024-07-30T11:58:09 IST" name="rcb" finished-at="2024-07-30T11:58:10 IST" duration-ms="1109" status="FAIL">
          <exception class="org.testng.internal.thread.ThreadTimeoutException">
            <message>
              <![CDATA[Method extendReport.ExecuteWithlistener.rcb() didn't finish within the time-out 1000]]>
            </message>
            <full-stacktrace>
              <![CDATA[org.testng.internal.thread.ThreadTimeoutException: Method extendReport.ExecuteWithlistener.rcb() didn't finish within the time-out 1000
at java.base@17.0.2/java.lang.Thread.sleep(Native Method)
at app//org.apache.commons.exec.DefaultExecuteResultHandler.waitFor(DefaultExecuteResultHandler.java:121)
at app//org.openqa.selenium.os.OsProcess.waitFor(OsProcess.java:165)
at app//org.openqa.selenium.os.CommandLine.waitFor(CommandLine.java:108)
at app//org.openqa.selenium.manager.SeleniumManager.runCommand(SeleniumManager.java:116)
at app//org.openqa.selenium.manager.SeleniumManager.getDriverPath(SeleniumManager.java:289)
at app//org.openqa.selenium.remote.service.DriverFinder.getPath(DriverFinder.java:22)
at app//org.openqa.selenium.remote.service.DriverFinder.getPath(DriverFinder.java:13)
at app//org.openqa.selenium.chrome.ChromeDriver.generateExecutor(ChromeDriver.java:99)
at app//org.openqa.selenium.chrome.ChromeDriver.<init>(ChromeDriver.java:88)
at app//org.openqa.selenium.chrome.ChromeDriver.<init>(ChromeDriver.java:83)
at app//org.openqa.selenium.chrome.ChromeDriver.<init>(ChromeDriver.java:51)
at app//extendReport.ExecuteWithlistener.rcb(ExecuteWithlistener.java:24)
at java.base@17.0.2/jdk.internal.reflect.NativeMethodAccessorImpl.invoke0(Native Method)
at java.base@17.0.2/jdk.internal.reflect.NativeMethodAccessorImpl.invoke(NativeMethodAccessorImpl.java:77)
at java.base@17.0.2/jdk.internal.reflect.DelegatingMethodAccessorImpl.invoke(DelegatingMethodAccessorImpl.java:43)
at java.base@17.0.2/java.lang.reflect.Method.invoke(Method.java:568)
at app//org.testng.internal.invokers.MethodInvocationHelper.invokeMethod(MethodInvocationHelper.java:139)
at app//org.testng.internal.invokers.InvokeMethodRunnable.runOne(InvokeMethodRunnable.java:47)
at app//org.testng.internal.invokers.InvokeMethodRunnable.call(InvokeMethodRunnable.java:76)
at app//org.testng.internal.invokers.InvokeMethodRunnable.call(InvokeMethodRunnable.java:11)
at java.base@17.0.2/java.util.concurrent.FutureTask.run(FutureTask.java:264)
at java.base@17.0.2/java.util.concurrent.ThreadPoolExecutor.runWorker(ThreadPoolExecutor.java:1136)
at java.base@17.0.2/java.util.concurrent.ThreadPoolExecutor$Worker.run(ThreadPoolExecutor.java:635)
at java.base@17.0.2/java.lang.Thread.run(Thread.java:833)
]]>
            </full-stacktrace>
          </exception> <!-- org.testng.internal.thread.ThreadTimeoutException -->
          <reporter-output>
            <line>
              <![CDATA[rcb is executed]]>
            </line>
          </reporter-output>
        </test-method> <!-- rcb -->
        <test-method signature="dominos()[pri:0, instance:extendReport.ExecuteWithlistener@f09733f]" started-at="2024-07-30T11:58:10 IST" name="dominos" finished-at="2024-07-30T11:58:23 IST" duration-ms="12884" status="PASS">
          <reporter-output>
            <line>
              <![CDATA[dominos is executed]]>
            </line>
            <line>
              <![CDATA[my stomach is hungry]]>
            </line>
          </reporter-output>
        </test-method> <!-- dominos -->
        <test-method signature="csk()[pri:0, instance:extendReport.ExecuteWithlistener@f09733f]" started-at="2024-07-30T11:58:23 IST" name="csk" finished-at="2024-07-30T11:58:23 IST" depends-on-methods="extendReport.ExecuteWithlistener.rcb" duration-ms="0" status="SKIP">
          <exception class="java.lang.Throwable">
            <message>
              <![CDATA[Method extendReport.ExecuteWithlistener.csk() on instance extendReport.ExecuteWithlistener@f09733f depends on not successfully finished methods 
[extendReport.ExecuteWithlistener.rcb() on instance extendReport.ExecuteWithlistener@f09733f]]]>
            </message>
            <full-stacktrace>
              <![CDATA[java.lang.Throwable: Method extendReport.ExecuteWithlistener.csk() on instance extendReport.ExecuteWithlistener@f09733f depends on not successfully finished methods 
[extendReport.ExecuteWithlistener.rcb() on instance extendReport.ExecuteWithlistener@f09733f]
at org.testng.internal.invokers.TestInvoker.invokeTestMethods(TestInvoker.java:156)
at org.testng.internal.invokers.TestMethodWorker.invokeTestMethods(TestMethodWorker.java:148)
at org.testng.internal.invokers.TestMethodWorker.run(TestMethodWorker.java:128)
at java.base/java.util.ArrayList.forEach(ArrayList.java:1511)
at org.testng.TestRunner.privateRun(TestRunner.java:848)
at org.testng.TestRunner.run(TestRunner.java:621)
at org.testng.SuiteRunner.runTest(SuiteRunner.java:443)
at org.testng.SuiteRunner.runSequentially(SuiteRunner.java:437)
at org.testng.SuiteRunner.privateRun(SuiteRunner.java:397)
at org.testng.SuiteRunner.run(SuiteRunner.java:336)
at org.testng.SuiteRunnerWorker.runSuite(SuiteRunnerWorker.java:52)
at org.testng.SuiteRunnerWorker.run(SuiteRunnerWorker.java:95)
at org.testng.TestNG.runSuitesSequentially(TestNG.java:1280)
at org.testng.TestNG.runSuitesLocally(TestNG.java:1200)
at org.testng.TestNG.runSuites(TestNG.java:1114)
at org.testng.TestNG.run(TestNG.java:1082)
at org.testng.remote.AbstractRemoteTestNG.run(AbstractRemoteTestNG.java:115)
at org.testng.remote.RemoteTestNG.initAndRun(RemoteTestNG.java:251)
at org.testng.remote.RemoteTestNG.main(RemoteTestNG.java:77)
]]>
            </full-stacktrace>
          </exception> <!-- java.lang.Throwable -->
          <reporter-output>
          </reporter-output>
        </test-method> <!-- csk -->
      </class> <!-- extendReport.ExecuteWithlistener -->
    </test> <!-- Default test -->
  </suite> <!-- Default suite -->
</testng-results>
